21:56:21: Creating resource group General
21:56:21: Creating resource group Internal
21:56:21: Creating resource group Autodetect
21:56:21: SceneManagerFactory for type 'DefaultSceneManager' registered.
21:56:21: Registering ResourceManager for type Material
21:56:21: Registering ResourceManager for type Mesh
21:56:21: Registering ResourceManager for type Skeleton
21:56:21: MovableObjectFactory for type 'ParticleSystem' registered.
21:56:21: OverlayElementFactory for type Panel registered.
21:56:21: OverlayElementFactory for type BorderPanel registered.
21:56:21: OverlayElementFactory for type TextArea registered.
21:56:21: Registering ResourceManager for type Font
21:56:21: ArchiveFactory for archive type FileSystem registered.
21:56:21: ArchiveFactory for archive type Zip registered.
21:56:21: ArchiveFactory for archive type EmbeddedZip registered.
21:56:21: DDS codec registering
21:56:21: FreeImage version: 3.15.3
21:56:21: This program uses FreeImage, a free, open source image library supporting all common bitmap formats. See http://freeimage.sourceforge.net for details
21:56:21: Supported formats: bmp,ico,jpg,jif,jpeg,jpe,jng,koa,iff,lbm,mng,pbm,pbm,pcd,pcx,pgm,pgm,png,ppm,ppm,ras,tga,targa,tif,tiff,wap,wbmp,wbm,psd,cut,xbm,xpm,gif,hdr,g3,sgi,exr,j2k,j2c,jp2,pfm,pct,pict,pic,3fr,arw,bay,bmq,cap,cine,cr2,crw,cs1,dc2,dcr,drf,dsc,dng,erf,fff,ia,iiq,k25,kc2,kdc,mdc,mef,mos,mrw,nef,nrw,orf,pef,ptx,pxn,qtk,raf,raw,rdc,rw2,rwl,rwz,sr2,srf,srw,sti
21:56:21: Registering ResourceManager for type HighLevelGpuProgram
21:56:21: Registering ResourceManager for type Compositor
21:56:21: MovableObjectFactory for type 'Entity' registered.
21:56:21: MovableObjectFactory for type 'Light' registered.
21:56:21: MovableObjectFactory for type 'BillboardSet' registered.
21:56:21: MovableObjectFactory for type 'ManualObject' registered.
21:56:21: MovableObjectFactory for type 'BillboardChain' registered.
21:56:21: MovableObjectFactory for type 'RibbonTrail' registered.
21:56:21: Loading library /usr/lib/OGRE/RenderSystem_GL
21:56:21: Installing plugin: GL RenderSystem
21:56:21: OpenGL Rendering Subsystem created.
21:56:21: Plugin successfully installed
21:56:21: Loading library /usr/lib/OGRE/Plugin_ParticleFX
21:56:21: Installing plugin: ParticleFX
21:56:21: Particle Emitter Type 'Point' registered
21:56:21: Particle Emitter Type 'Box' registered
21:56:21: Particle Emitter Type 'Ellipsoid' registered
21:56:21: Particle Emitter Type 'Cylinder' registered
21:56:21: Particle Emitter Type 'Ring' registered
21:56:21: Particle Emitter Type 'HollowEllipsoid' registered
21:56:21: Particle Affector Type 'LinearForce' registered
21:56:21: Particle Affector Type 'ColourFader' registered
21:56:21: Particle Affector Type 'ColourFader2' registered
21:56:21: Particle Affector Type 'ColourImage' registered
21:56:21: Particle Affector Type 'ColourInterpolator' registered
21:56:21: Particle Affector Type 'Scaler' registered
21:56:21: Particle Affector Type 'Rotator' registered
21:56:21: Particle Affector Type 'DirectionRandomiser' registered
21:56:21: Particle Affector Type 'DeflectorPlane' registered
21:56:21: Plugin successfully installed
21:56:21: Loading library /usr/lib/OGRE/Plugin_BSPSceneManager
21:56:21: Installing plugin: BSP Scene Manager
21:56:21: Plugin successfully installed
21:56:21: Loading library /usr/lib/OGRE/Plugin_CgProgramManager
21:56:21: Installing plugin: Cg Program Manager
21:56:21: Plugin successfully installed
21:56:21: Loading library /usr/lib/OGRE/Plugin_PCZSceneManager
21:56:21: Installing plugin: Portal Connected Zone Scene Manager
21:56:21: PCZone Factory Type 'ZoneType_Default' registered
21:56:21: Plugin successfully installed
21:56:21: Loading library /usr/lib/OGRE/Plugin_OctreeZone
21:56:21: Installing plugin: Octree Zone Factory
21:56:21: Plugin successfully installed
21:56:21: Loading library /usr/lib/OGRE/Plugin_OctreeSceneManager
21:56:21: Installing plugin: Octree Scene Manager
21:56:21: Plugin successfully installed
21:56:21: *-*-* OGRE Initialising
21:56:21: *-*-* Version 1.8.0unstable (Byatis)
21:56:23: CPU Identifier & Features
21:56:23: -------------------------
21:56:23:  *   CPU ID: GenuineIntel: Intel(R) Core(TM) i7-2635QM CPU @ 2.00GHz
21:56:23:  *      SSE: yes
21:56:23:  *     SSE2: yes
21:56:23:  *     SSE3: yes
21:56:23:  *      MMX: yes
21:56:23:  *   MMXEXT: yes
21:56:23:  *    3DNOW: no
21:56:23:  * 3DNOWEXT: no
21:56:23:  *     CMOV: yes
21:56:23:  *      TSC: yes
21:56:23:  *      FPU: yes
21:56:23:  *      PRO: yes
21:56:23:  *       HT: no
21:56:23: -------------------------
21:56:23: ******************************
*** Starting GLX Subsystem ***
******************************
21:56:23: GLRenderSystem::_createRenderWindow "Beliskner", 800x600 windowed  miscParams: FSAA=0 displayFrequency=60 Hz gamma=No vsync=No 
21:56:23: OGRE EXCEPTION(6:FileNotFoundException): Cannot locate resource GLX_icon.png in resource group General or any other group. in ResourceGroupManager::openResource at /var/tmp/portage/dev-games/ogre-1.8.0_rc1/work/ogre_src_v1-8-0RC1/OgreMain/src/OgreResourceGroupManager.cpp (line 756)
21:56:23: GLXWindow::create used FBConfigID = 149
21:56:23: GL_VERSION = 2.1 Mesa 7.11.2
21:56:23: GL_VENDOR = X.Org
21:56:23: GL_RENDERER = Gallium 0.4 on AMD CAICOS
21:56:23: GL_EXTENSIONS = GL_ARB_multisample GL_EXT_abgr GL_EXT_bgra GL_EXT_blend_color GL_EXT_blend_logic_op GL_EXT_blend_minmax GL_EXT_blend_subtract GL_EXT_copy_texture GL_EXT_polygon_offset GL_EXT_subtexture GL_EXT_texture_object GL_EXT_vertex_array GL_EXT_compiled_vertex_array GL_EXT_texture GL_EXT_texture3D GL_IBM_rasterpos_clip GL_ARB_point_parameters GL_EXT_draw_range_elements GL_EXT_packed_pixels GL_EXT_point_parameters GL_EXT_rescale_normal GL_EXT_separate_specular_color GL_EXT_texture_edge_clamp GL_SGIS_generate_mipmap GL_SGIS_texture_border_clamp GL_SGIS_texture_edge_clamp GL_SGIS_texture_lod GL_ARB_framebuffer_sRGB GL_ARB_multitexture GL_EXT_framebuffer_sRGB GL_IBM_multimode_draw_arrays GL_IBM_texture_mirrored_repeat GL_ARB_texture_cube_map GL_ARB_texture_env_add GL_ARB_transpose_matrix GL_EXT_blend_func_separate GL_EXT_fog_coord GL_EXT_multi_draw_arrays GL_EXT_secondary_color GL_EXT_texture_env_add GL_EXT_texture_filter_anisotropic GL_EXT_texture_lod_bias GL_INGR_blend_func_separate GL_NV_blend_square GL_NV_light_max_exponent GL_NV_texgen_reflection GL_NV_texture_env_combine4 GL_SUN_multi_draw_arrays GL_ARB_texture_border_clamp GL_ARB_texture_compression GL_EXT_framebuffer_object GL_EXT_texture_env_dot3 GL_MESA_window_pos GL_NV_packed_depth_stencil GL_NV_texture_rectangle GL_ARB_depth_texture GL_ARB_occlusion_query GL_ARB_shadow GL_ARB_texture_env_combine GL_ARB_texture_env_crossbar GL_ARB_texture_env_dot3 GL_ARB_texture_mirrored_repeat GL_ARB_window_pos GL_EXT_stencil_two_side GL_EXT_texture_cube_map GL_NV_depth_clamp GL_APPLE_packed_pixels GL_APPLE_vertex_array_object GL_ARB_draw_buffers GL_ARB_fragment_program GL_ARB_fragment_shader GL_ARB_shader_objects GL_ARB_vertex_program GL_ARB_vertex_shader GL_ATI_draw_buffers GL_ATI_texture_env_combine3 GL_ATI_texture_float GL_EXT_shadow_funcs GL_EXT_stencil_wrap GL_MESA_pack_invert GL_ARB_depth_clamp GL_ARB_fragment_program_shadow GL_ARB_half_float_pixel GL_ARB_occlusion_query2 GL_ARB_point_sprite GL_ARB_shading_language_100 GL_ARB_sync GL_ARB_texture_non_power_of_two GL_ARB_vertex_buffer_object GL_ATI_blend_equation_separate GL_EXT_blend_equation_separate GL_OES_read_format GL_ARB_color_buffer_float GL_ARB_pixel_buffer_object GL_ARB_texture_compression_rgtc GL_ARB_texture_float GL_ARB_texture_rectangle GL_ATI_texture_compression_3dc GL_EXT_packed_float GL_EXT_pixel_buffer_object GL_EXT_texture_compression_rgtc GL_EXT_texture_mirror_clamp GL_EXT_texture_rectangle GL_EXT_texture_sRGB GL_EXT_texture_shared_exponent GL_ARB_framebuffer_object GL_EXT_framebuffer_blit GL_EXT_framebuffer_multisample GL_EXT_packed_depth_stencil GL_ARB_vertex_array_object GL_ATI_separate_stencil GL_ATI_texture_mirror_once GL_EXT_draw_buffers2 GL_EXT_gpu_program_parameters GL_EXT_texture_compression_latc GL_EXT_texture_env_combine GL_EXT_texture_sRGB_decode GL_EXT_timer_query GL_OES_EGL_image GL_ARB_copy_buffer GL_ARB_half_float_vertex GL_ARB_instanced_arrays GL_ARB_map_buffer_range GL_ARB_texture_rg GL_ARB_texture_swizzle GL_ARB_vertex_array_bgra GL_EXT_separate_shader_objects GL_EXT_texture_swizzle GL_EXT_vertex_array_bgra GL_NV_conditional_render GL_AMD_draw_buffers_blend GL_AMD_seamless_cubemap_per_texture GL_AMD_shader_stencil_export GL_ARB_draw_buffers_blend GL_ARB_draw_elements_base_vertex GL_ARB_explicit_attrib_location GL_ARB_fragment_coord_conventions GL_ARB_provoking_vertex GL_ARB_sampler_objects GL_ARB_seamless_cube_map GL_ARB_shader_stencil_export GL_ARB_shader_texture_lod GL_EXT_provoking_vertex GL_EXT_texture_snorm GL_MESA_texture_signed_rgba GL_NV_texture_barrier GL_ARB_robustness 
21:56:23: Supported GLX extensions: GLX_ARB_get_proc_address GLX_ARB_multisample GLX_EXT_import_context GLX_EXT_visual_info GLX_EXT_visual_rating GLX_MESA_copy_sub_buffer GLX_MESA_multithread_makecurrent GLX_MESA_swap_control GLX_OML_swap_method GLX_OML_sync_control GLX_SGI_make_current_read GLX_SGI_swap_control GLX_SGI_video_sync GLX_SGIS_multisample GLX_SGIX_fbconfig GLX_SGIX_pbuffer GLX_SGIX_visual_select_group GLX_EXT_texture_from_pixmap 
21:56:23: ***************************
21:56:23: *** GL Renderer Started ***
21:56:23: ***************************
21:56:23: Registering ResourceManager for type GpuProgram
21:56:23: GLSL support detected
21:56:23: GL: Using GL_EXT_framebuffer_object for rendering to textures (best)
21:56:23: FBO PF_UNKNOWN depth/stencil support: D0S1 D0S4 D0S8 D0S16 D16S0 D24S0 D32S0 Packed-D24S8 
21:56:23: FBO PF_L8 depth/stencil support: D0S0 D0S1 D0S4 D0S8 D0S16 D16S0 D24S0 D32S0 Packed-D24S8 
21:56:23: FBO PF_A8 depth/stencil support: D0S0 D0S1 D0S4 D0S8 D0S16 D16S0 D24S0 D32S0 Packed-D24S8 
21:56:23: FBO PF_A4L4 depth/stencil support: D0S0 D0S1 D0S4 D0S8 D0S16 D16S0 D24S0 D32S0 Packed-D24S8 
21:56:23: FBO PF_BYTE_LA depth/stencil support: D0S0 D0S1 D0S4 D0S8 D0S16 D16S0 D24S0 D32S0 Packed-D24S8 
21:56:23: FBO PF_R5G6B5 depth/stencil support: D0S0 D0S1 D0S4 D0S8 D0S16 D16S0 D24S0 D32S0 Packed-D24S8 
21:56:23: FBO PF_B5G6R5 depth/stencil support: D0S0 D0S1 D0S4 D0S8 D0S16 D16S0 D24S0 D32S0 Packed-D24S8 
21:56:23: FBO PF_A4R4G4B4 depth/stencil support: D0S0 D0S1 D0S4 D0S8 D0S16 D16S0 D24S0 D32S0 Packed-D24S8 
21:56:23: FBO PF_A1R5G5B5 depth/stencil support: D0S0 D0S1 D0S4 D0S8 D0S16 D16S0 D24S0 D32S0 Packed-D24S8 
21:56:23: FBO PF_R8G8B8 depth/stencil support: D0S0 D0S1 D0S4 D0S8 D0S16 D16S0 D24S0 D32S0 Packed-D24S8 
21:56:23: FBO PF_B8G8R8 depth/stencil support: D0S0 D0S1 D0S4 D0S8 D0S16 D16S0 D24S0 D32S0 Packed-D24S8 
21:56:23: FBO PF_A8R8G8B8 depth/stencil support: D0S0 D0S1 D0S4 D0S8 D0S16 D16S0 D24S0 D32S0 Packed-D24S8 
21:56:23: FBO PF_B8G8R8A8 depth/stencil support: D0S0 D0S1 D0S4 D0S8 D0S16 D16S0 D24S0 D32S0 Packed-D24S8 
21:56:23: FBO PF_A2R10G10B10 depth/stencil support: D0S0 D0S1 D0S4 D0S8 D0S16 D16S0 D24S0 D32S0 Packed-D24S8 
21:56:23: FBO PF_A2B10G10R10 depth/stencil support: D0S0 D0S1 D0S4 D0S8 D0S16 D16S0 D24S0 D32S0 Packed-D24S8 
21:56:23: FBO PF_FLOAT16_RGB depth/stencil support: D0S0 D0S1 D0S4 D0S8 D0S16 D16S0 D24S0 D32S0 Packed-D24S8 
21:56:23: FBO PF_FLOAT16_RGBA depth/stencil support: D0S0 D0S1 D0S4 D0S8 D0S16 D16S0 D24S0 D32S0 Packed-D24S8 
21:56:23: FBO PF_FLOAT32_RGB depth/stencil support: D0S0 D0S1 D0S4 D0S8 D0S16 D16S0 D24S0 D32S0 Packed-D24S8 
21:56:23: FBO PF_FLOAT32_RGBA depth/stencil support: D0S0 D0S1 D0S4 D0S8 D0S16 D16S0 D24S0 D32S0 Packed-D24S8 
21:56:23: FBO PF_X8R8G8B8 depth/stencil support: D0S0 D0S1 D0S4 D0S8 D0S16 D16S0 D24S0 D32S0 Packed-D24S8 
21:56:23: FBO PF_X8B8G8R8 depth/stencil support: D0S0 D0S1 D0S4 D0S8 D0S16 D16S0 D24S0 D32S0 Packed-D24S8 
21:56:23: FBO PF_SHORT_RGBA depth/stencil support: D0S0 D0S1 D0S4 D0S8 D0S16 D16S0 D24S0 D32S0 Packed-D24S8 
21:56:23: FBO PF_R3G3B2 depth/stencil support: D0S0 D0S1 D0S4 D0S8 D0S16 D16S0 D24S0 D32S0 Packed-D24S8 
21:56:23: FBO PF_SHORT_RGB depth/stencil support: D0S0 D0S1 D0S4 D0S8 D0S16 D16S0 D24S0 D32S0 Packed-D24S8 
21:56:23: [GL] : Valid FBO targets PF_UNKNOWN PF_L8 PF_A8 PF_A4L4 PF_BYTE_LA PF_R5G6B5 PF_B5G6R5 PF_A4R4G4B4 PF_A1R5G5B5 PF_R8G8B8 PF_B8G8R8 PF_A8R8G8B8 PF_B8G8R8A8 PF_A2R10G10B10 PF_A2B10G10R10 PF_FLOAT16_RGB PF_FLOAT16_RGBA PF_FLOAT32_RGB PF_FLOAT32_RGBA PF_X8R8G8B8 PF_X8B8G8R8 PF_SHORT_RGBA PF_R3G3B2 PF_SHORT_RGB 
21:56:23: RenderSystem capabilities
21:56:23: -------------------------
21:56:23: RenderSystem Name: OpenGL Rendering Subsystem
21:56:23: GPU Vendor: unknown
21:56:23: Device Name: Gallium 0.4 on AMD CAICOS
21:56:23: Driver Version: 2.1.0.0
21:56:23:  * Fixed function pipeline: yes
21:56:23:  * Hardware generation of mipmaps: yes
21:56:23:  * Texture blending: yes
21:56:23:  * Anisotropic texture filtering: yes
21:56:23:  * Dot product texture operation: yes
21:56:23:  * Cube mapping: yes
21:56:23:  * Hardware stencil buffer: yes
21:56:23:    - Stencil depth: 8
21:56:23:    - Two sided stencil support: yes
21:56:23:    - Wrap stencil values: yes
21:56:23:  * Hardware vertex / index buffers: yes
21:56:23:  * Vertex programs: yes
21:56:23:  * Number of floating-point constants for vertex programs: 1024
21:56:23:  * Number of integer constants for vertex programs: 0
21:56:23:  * Number of boolean constants for vertex programs: 0
21:56:23:  * Fragment programs: yes
21:56:23:  * Number of floating-point constants for fragment programs: 1024
21:56:23:  * Number of integer constants for fragment programs: 0
21:56:23:  * Number of boolean constants for fragment programs: 0
21:56:23:  * Geometry programs: no
21:56:23:  * Number of floating-point constants for geometry programs: 0
21:56:23:  * Number of integer constants for geometry programs: 0
21:56:23:  * Number of boolean constants for geometry programs: 0
21:56:23:  * Supported Shader Profiles: arbfp1 arbvp1 glsl
21:56:23:  * Texture Compression: yes
21:56:23:    - DXT: no
21:56:23:    - VTC: no
21:56:23:    - PVRTC: no
21:56:23:  * Scissor Rectangle: yes
21:56:23:  * Hardware Occlusion Query: yes
21:56:23:  * User clip planes: yes
21:56:23:  * VET_UBYTE4 vertex element type: yes
21:56:23:  * Infinite far plane projection: yes
21:56:23:  * Hardware render-to-texture: yes
21:56:23:  * Floating point textures: yes
21:56:23:  * Non-power-of-two textures: yes
21:56:23:  * Volume textures: yes
21:56:23:  * Multiple Render Targets: 8
21:56:23:    - With different bit depths: yes
21:56:23:  * Point Sprites: yes
21:56:23:  * Extended point parameters: yes
21:56:23:  * Max Point Size: 16384
21:56:23:  * Vertex texture fetch: yes
21:56:23:  * Number of world matrices: 0
21:56:23:  * Number of texture units: 16
21:56:23:  * Stencil buffer depth: 8
21:56:23:  * Number of vertex blend matrices: 0
21:56:23:    - Max vertex textures: 16
21:56:23:    - Vertex textures shared: yes
21:56:23:  * Render to Vertex Buffer : no
21:56:23:  * GL 1.5 without VBO workaround: no
21:56:23:  * Frame Buffer objects: yes
21:56:23:  * Frame Buffer objects (ARB extension): no
21:56:23:  * Frame Buffer objects (ATI extension): no
21:56:23:  * PBuffer support: yes
21:56:23:  * GL 1.5 without HW-occlusion workaround: no
21:56:23:  * Separate shader objects: no
21:56:23: Registering ResourceManager for type Texture
21:56:23: DefaultWorkQueue('Root') initialising on thread 0x10c8320.
21:56:23: DefaultWorkQueue('Root')::WorkerFunc - thread 0x1380490 starting.
21:56:23: DefaultWorkQueue('Root')::WorkerFunc - thread 0x137d570 starting.
21:56:23: DefaultWorkQueue('Root')::WorkerFunc - thread 0x137ba60 starting.
21:56:23: DefaultWorkQueue('Root')::WorkerFunc - thread 0x137d880 starting.
21:56:23: DefaultWorkQueue('Root')::WorkerFunc - thread 0x137de00 starting.
21:56:23: DefaultWorkQueue('Root')::WorkerFunc - thread 0x137da40 starting.
21:56:23: DefaultWorkQueue('Root')::WorkerFunc - thread 0x1387200 starting.
21:56:23: DefaultWorkQueue('Root')::WorkerFunc - thread 0x7f3bd0000d00 starting.
21:56:23: Particle Renderer Type 'billboard' registered
21:56:23: SceneManagerFactory for type 'BspSceneManager' registered.
21:56:23: Registering ResourceManager for type BspLevel
21:56:23: SceneManagerFactory for type 'PCZSceneManager' registered.
21:56:23: MovableObjectFactory for type 'PCZLight' registered.
21:56:23: MovableObjectFactory for type 'Portal' registered.
21:56:23: MovableObjectFactory for type 'AntiPortal' registered.
21:56:23: PCZone Factory Type 'ZoneType_Octree' registered
21:56:23: SceneManagerFactory for type 'OctreeSceneManager' registered.
21:56:23: Added resource location '/usr/share/OGRE/media/' of type 'FileSystem' to resource group 'General'
21:56:23: Added resource location '/usr/share/OGRE/media/fonts' of type 'FileSystem' to resource group 'General'
21:56:23: Added resource location '/usr/share/OGRE/media/fonts/MyFont' of type 'FileSystem' to resource group 'General'
21:56:23: Added resource location '/usr/share/OGRE/media/materials/scripts' of type 'FileSystem' to resource group 'General'
21:56:23: Added resource location '/usr/share/OGRE/media/materials/programs' of type 'FileSystem' to resource group 'General'
21:56:23: Added resource location '/usr/share/OGRE/media/materials/textures' of type 'FileSystem' to resource group 'General'
21:56:23: Added resource location '/usr/share/OGRE/media/models' of type 'FileSystem' to resource group 'General'
21:56:23: Added resource location '/usr/share/OGRE/media/overlay' of type 'FileSystem' to resource group 'General'
21:56:23: Added resource location '/usr/share/OGRE/media/particle' of type 'FileSystem' to resource group 'General'
21:56:23: Added resource location '/usr/share/OGRE/media/gui' of type 'FileSystem' to resource group 'General'
21:56:23: Added resource location '/usr/share/CEGUI/' of type 'FileSystem' to resource group 'General'
21:56:23: Added resource location '/usr/share/CEGUI/schemes/' of type 'FileSystem' to resource group 'General'
21:56:23: Added resource location '/usr/share/CEGUI/imagesets/' of type 'FileSystem' to resource group 'General'
21:56:23: Added resource location '/usr/share/CEGUI/fonts/' of type 'FileSystem' to resource group 'General'
21:56:23: Added resource location '/usr/share/CEGUI/looknfeel/' of type 'FileSystem' to resource group 'General'
21:56:23: Added resource location '/usr/share/OGRE/media/packs/SdkTrays.zip' of type 'Zip' to resource group 'General'
21:56:23: Added resource location '/usr/share/OGRE/media/packs/Sinbad.zip' of type 'Zip' to resource group 'General'
21:56:23: Added resource location '/usr/share/OGRE/media/packs/chiropteraDM.pk3' of type 'Zip' to resource group 'General'
21:56:23: Added resource location '/usr/share/OGRE/media/packs/cubemap.zip' of type 'Zip' to resource group 'General'
21:56:23: Added resource location '/usr/share/OGRE/media/packs/cubemapsJS.zip' of type 'Zip' to resource group 'General'
21:56:23: Added resource location '/usr/share/OGRE/media/packs/dragon.zip' of type 'Zip' to resource group 'General'
21:56:23: Added resource location '/usr/share/OGRE/media/packs/fresneldemo.zip' of type 'Zip' to resource group 'General'
21:56:23: Added resource location '/usr/share/OGRE/media/packs/ogredance.zip' of type 'Zip' to resource group 'General'
21:56:23: Added resource location '/usr/share/OGRE/media/packs/ogretestmap.zip' of type 'Zip' to resource group 'General'
21:56:23: Added resource location '/usr/share/OGRE/media/packs/skybox.zip' of type 'Zip' to resource group 'General'
21:56:23: Parsing scripts for resource group Autodetect
21:56:23: Finished parsing scripts for resource group Autodetect
21:56:23: Creating resources for group Autodetect
21:56:23: All done
21:56:23: Parsing scripts for resource group General
21:56:23: Parsing script StdQuad_vp.program
21:56:23: Parsing script Examples.program
21:56:23: Parsing script DualQuaternion.program
21:56:23: OGRE EXCEPTION(2:InvalidParametersException): Parameter called diffuse does not exist.  in GpuProgramParameters::_findNamedConstantDefinition at /var/tmp/portage/dev-games/ogre-1.8.0_rc1/work/ogre_src_v1-8-0RC1/OgreMain/src/OgreGpuProgramParams.cpp (line 1449)
21:56:23: Compiler error: invalid parameters in DualQuaternion.program(99): setting of constant failed
21:56:23: OGRE EXCEPTION(2:InvalidParametersException): Parameter called diffuse does not exist.  in GpuProgramParameters::_findNamedConstantDefinition at /var/tmp/portage/dev-games/ogre-1.8.0_rc1/work/ogre_src_v1-8-0RC1/OgreMain/src/OgreGpuProgramParams.cpp (line 1449)
21:56:23: Compiler error: invalid parameters in DualQuaternion.program(132): setting of constant failed
21:56:23: Parsing script Instancing.program
21:56:23: Parsing script GLSLSwizzle.material
21:56:23: Parsing script Penguin.material
21:56:23: Parsing script Halftone.material
21:56:23: Parsing script HWInstancing.material
21:56:23: Parsing script DualQuaternion.material
21:56:23: Parsing script Posterize.material
21:56:23: Parsing script VarianceShadowmap.material
21:56:23: Parsing script BlackAndWhite.material
21:56:23: Parsing script Examples-Water.material
21:56:23: Parsing script Invert.material
21:56:23: Parsing script Hurt.material
21:56:23: Parsing script NightVision.material
21:56:23: Parsing script MotionBlur.material
21:56:23: Parsing script InstancingMisc.material
21:56:23: Parsing script pssm.material
21:56:23: Parsing script RZR-002.material
21:56:23: Parsing script Ogre.material
21:56:23: Parsing script OldMovie.material
21:56:23: Parsing script Bloom2.material
21:56:23: Parsing script SharpenEdges.material
21:56:23: Parsing script VTFInstancing.material
21:56:23: Parsing script shadows.material
21:56:23: Parsing script Glass.material
21:56:23: Parsing script smoke.material
21:56:23: Parsing script Example-Water.material
21:56:23: Parsing script ShaderSystem.material
21:56:23: Parsing script Examples-DynTex.material
21:56:23: Parsing script Tiling.material
21:56:23: Parsing script RadialBlur.material
21:56:23: Parsing script IsoSurf.material
21:56:23: Parsing script DOF.material
21:56:23: Parsing script ParticleGS.material
21:56:23: Parsing script CompositorDemo.material
21:56:23: Parsing script HW_VTF_LUTInstancing.material
21:56:23: Parsing script CGSwizzle.material
21:56:23: Parsing script sibenik.material
21:56:23: Parsing script instancing.material
21:56:23: Parsing script HeatVision.material
21:56:23: Parsing script ASMSwizzle.material
21:56:23: Compiler error: object unsupported by render system in ASMSwizzle.material(1)
21:56:23: Parsing script OffsetMapping.material
21:56:23: Compiler error: object unsupported by render system in OffsetMapping.material(35)
21:56:23: Parsing script ASCII.material
21:56:23: Parsing script Ocean.material
21:56:23: Parsing script hdr.material
21:56:23: Parsing script DepthShadowmap.material
21:56:23: Parsing script MRTtest.material
21:56:23: Parsing script HW_VTFInstancing.material
21:56:23: Parsing script Laplace.material
21:56:23: Parsing script Examples-Advanced.material
21:56:23: Compiler error: object unsupported by render system in Examples-Advanced.material(526)
21:56:23: Compiler error: object unsupported by render system in Examples-Advanced.material(771)
21:56:23: Parsing script OldTV.material
21:56:23: Parsing script Dither.material
21:56:23: Parsing script Examples.material
21:56:24: Parsing script facial.material
21:56:24: Parsing script ShaderInstancing.material
21:56:24: Parsing script Bloom.material
21:56:24: Parsing script Embossed.material
21:56:24: Parsing script SdkTrays.material
21:56:24: Parsing script Sinbad.material
21:56:24: Parsing script RomanBath.material
21:56:24: Parsing script Examples.particle
21:56:24: Parsing script Examples-Water.particle
21:56:24: Parsing script smoke.particle
21:56:24: Parsing script emitted_emitter.particle
21:56:24: Parsing script Examples.compositor
21:56:24: Parsing script sample.fontdef
21:56:24: Parsing script SdkTrays.fontdef
21:56:24: Parsing script SdkTrays.overlay
21:56:24: Texture: sdk_cursor.png: Loading 1 faces(PF_A8R8G8B8,32x32x1) with 5 hardware generated mipmaps from Image. Internal format is PF_A8R8G8B8,32x32x1.
21:56:24: Texture: sdk_tray.png: Loading 1 faces(PF_A8R8G8B8,64x64x1) with 6 hardware generated mipmaps from Image. Internal format is PF_A8R8G8B8,64x64x1.
21:56:24: Texture: sdk_button_up.png: Loading 1 faces(PF_A8R8G8B8,128x32x1) with 7 hardware generated mipmaps from Image. Internal format is PF_A8R8G8B8,128x32x1.
21:56:24: Texture: sdk_text_box.png: Loading 1 faces(PF_A8R8G8B8,32x32x1) with 5 hardware generated mipmaps from Image. Internal format is PF_A8R8G8B8,32x32x1.
21:56:24: Texture: sdk_mini_tray.png: Loading 1 faces(PF_A8R8G8B8,32x32x1) with 5 hardware generated mipmaps from Image. Internal format is PF_A8R8G8B8,32x32x1.
21:56:24: Texture: sdk_track.png: Loading 1 faces(PF_A8R8G8B8,16x32x1) with 5 hardware generated mipmaps from Image. Internal format is PF_A8R8G8B8,16x32x1.
21:56:24: Texture: sdk_handle.png: Loading 1 faces(PF_A8R8G8B8,16x16x1) with 4 hardware generated mipmaps from Image. Internal format is PF_A8R8G8B8,16x16x1.
21:56:24: Texture: sdk_mini_text_box.png: Loading 1 faces(PF_A8R8G8B8,32x32x1) with 5 hardware generated mipmaps from Image. Internal format is PF_A8R8G8B8,32x32x1.
21:56:24: Texture: sdk_label.png: Loading 1 faces(PF_A8R8G8B8,32x32x1) with 5 hardware generated mipmaps from Image. Internal format is PF_A8R8G8B8,32x32x1.
21:56:24: Texture: sdk_separator.png: Loading 1 faces(PF_A8R8G8B8,64x16x1) with 6 hardware generated mipmaps from Image. Internal format is PF_A8R8G8B8,64x16x1.
21:56:24: Texture: sdk_logo.png: Loading 1 faces(PF_A8R8G8B8,128x64x1) with 7 hardware generated mipmaps from Image. Internal format is PF_A8R8G8B8,128x64x1.
21:56:24: Texture: sdk_shade.png: Loading 1 faces(PF_A8R8G8B8,64x48x1) with 6 hardware generated mipmaps from Image. Internal format is PF_A8R8G8B8,64x48x1.
21:56:24: Texture: sdk_frame.png: Loading 1 faces(PF_A8R8G8B8,32x32x1) with 5 hardware generated mipmaps from Image. Internal format is PF_A8R8G8B8,32x32x1.
21:56:24: Texture: sdk_mini_text_box_over.png: Loading 1 faces(PF_A8R8G8B8,32x32x1) with 5 hardware generated mipmaps from Image. Internal format is PF_A8R8G8B8,32x32x1.
21:56:24: Texture: sdk_pulse.png: Loading 1 faces(PF_R8G8B8,8x1x1) with 3 hardware generated mipmaps from Image. Internal format is PF_X8R8G8B8,8x1x1.
21:56:24: Finished parsing scripts for resource group General
21:56:24: Creating resources for group General
21:56:24: All done
21:56:24: Parsing scripts for resource group Internal
21:56:24: Finished parsing scripts for resource group Internal
21:56:24: Creating resources for group Internal
21:56:24: All done
21:56:24: Mesh: Loading Sinbad.mesh.
21:56:24: Skeleton: Loading Sinbad.skeleton
21:56:24: WARNING: Sinbad.mesh is an older format ([MeshSerializer_v1.40]); you should upgrade it as soon as possible using the OgreMeshUpgrade tool.
21:56:24: Texture: sinbad_body.tga: Loading 1 faces(PF_R8G8B8,512x512x1) with 9 hardware generated mipmaps from Image. Internal format is PF_X8R8G8B8,512x512x1.
21:56:24: Texture: sinbad_clothes.tga: Loading 1 faces(PF_R8G8B8,512x512x1) with 9 hardware generated mipmaps from Image. Internal format is PF_X8R8G8B8,512x512x1.
21:56:24: Texture: sinbad_sword.tga: Loading 1 faces(PF_R8G8B8,256x256x1) with 8 hardware generated mipmaps from Image. Internal format is PF_X8R8G8B8,256x256x1.
21:56:24: WARNING: the mesh 'Sinbad.mesh' includes vertices with more than 4 bone assignments. The lowest weighted assignments beyond this limit have been removed, so your animation may look slightly different. To eliminate this, reduce the number of bone assignments per vertex on your mesh to 4.
